This file contains any messages produced by compilers while
running configure, to aid debugging if configure makes a mistake.

It was created by cpufreqd configure 2.4.1, which was
generated by GNU Autoconf 2.65.  Invocation command line was

  $ ./configure 

## --------- ##
## Platform. ##
## --------- ##

hostname = parth
uname -m = x86_64
uname -r = 4.10.0-26-generic
uname -s = Linux
uname -v = #30-Ubuntu SMP Tue Jun 27 09:30:12 UTC 2017

/usr/bin/uname -p = unknown
/bin/uname -X     = unknown

/bin/arch              = unknown
/usr/bin/arch -k       = unknown
/usr/convex/getsysinfo = unknown
/usr/bin/hostinfo      = unknown
/bin/machine           = unknown
/usr/bin/oslevel       = unknown
/bin/universe          = unknown

PATH: /usr/local/sbin
PATH: /usr/local/bin
PATH: /usr/sbin
PATH: /usr/bin
PATH: /sbin
PATH: /bin
PATH: /usr/games
PATH: /usr/local/games
PATH: /snap/bin


## ----------- ##
## Core tests. ##
## ----------- ##

configure:2469: checking build system type
configure:2483: result: x86_64-unknown-linux-gnu
configure:2503: checking host system type
configure:2516: result: x86_64-unknown-linux-gnu
configure:2536: checking target system type
configure:2549: result: x86_64-unknown-linux-gnu
configure:2592: checking for a BSD-compatible install
configure:2660: result: /usr/bin/install -c
configure:2671: checking whether build environment is sane
configure:2721: result: yes
configure:2862: checking for a thread-safe mkdir -p
configure:2901: result: /bin/mkdir -p
configure:2914: checking for gawk
configure:2944: result: no
configure:2914: checking for mawk
configure:2930: found /usr/bin/mawk
configure:2941: result: mawk
configure:2952: checking whether make sets $(MAKE)
configure:2974: result: yes
configure:3162: checking for style of include used by make
configure:3190: result: GNU
configure:3260: checking for gcc
configure:3276: found /usr/bin/gcc
configure:3287: result: gcc
configure:3516: checking for C compiler version
configure:3525: gcc --version >&5
gcc (Ubuntu 6.3.0-12ubuntu2) 6.3.0 20170406
Copyright (C) 2016 Free Software Foundation, Inc.
This is free software; see the source for copying conditions.  There is NO
warranty; not even for MERCHANTABILITY or FITNESS FOR A PARTICULAR PURPOSE.

configure:3536: $? = 0
configure:3525: gcc -v >&5
Using built-in specs.
COLLECT_GCC=gcc
COLLECT_LTO_WRAPPER=/usr/lib/gcc/x86_64-linux-gnu/6/lto-wrapper
Target: x86_64-linux-gnu
Configured with: ../src/configure -v --with-pkgversion='Ubuntu 6.3.0-12ubuntu2' --with-bugurl=file:///usr/share/doc/gcc-6/README.Bugs --enable-languages=c,ada,c++,java,go,d,fortran,objc,obj-c++ --prefix=/usr --program-suffix=-6 --program-prefix=x86_64-linux-gnu- --enable-shared --enable-linker-build-id --libexecdir=/usr/lib --without-included-gettext --enable-threads=posix --libdir=/usr/lib --enable-nls --with-sysroot=/ --enable-clocale=gnu --enable-libstdcxx-debug --enable-libstdcxx-time=yes --with-default-libstdcxx-abi=new --enable-gnu-unique-object --disable-vtable-verify --enable-libmpx --enable-plugin --enable-default-pie --with-system-zlib --disable-browser-plugin --enable-java-awt=gtk --enable-gtk-cairo --with-java-home=/usr/lib/jvm/java-1.5.0-gcj-6-amd64/jre --enable-java-home --with-jvm-root-dir=/usr/lib/jvm/java-1.5.0-gcj-6-amd64 --with-jvm-jar-dir=/usr/lib/jvm-exports/java-1.5.0-gcj-6-amd64 --with-arch-directory=amd64 --with-ecj-jar=/usr/share/java/eclipse-ecj.jar --with-target-system-zlib --enable-objc-gc=auto --enable-multiarch --disable-werror --with-arch-32=i686 --with-abi=m64 --with-multilib-list=m32,m64,mx32 --enable-multilib --with-tune=generic --enable-checking=release --build=x86_64-linux-gnu --host=x86_64-linux-gnu --target=x86_64-linux-gnu
Thread model: posix
gcc version 6.3.0 20170406 (Ubuntu 6.3.0-12ubuntu2) 
configure:3536: $? = 0
configure:3525: gcc -V >&5
gcc: error: unrecognized command line option '-V'
gcc: fatal error: no input files
compilation terminated.
configure:3536: $? = 1
configure:3525: gcc -qversion >&5
gcc: error: unrecognized command line option '-qversion'; did you mean '--version'?
gcc: fatal error: no input files
compilation terminated.
configure:3536: $? = 1
configure:3556: checking whether the C compiler works
configure:3578: gcc    conftest.c  >&5
configure:3582: $? = 0
configure:3631: result: yes
configure:3634: checking for C compiler default output file name
configure:3636: result: a.out
configure:3642: checking for suffix of executables
configure:3649: gcc -o conftest    conftest.c  >&5
configure:3653: $? = 0
configure:3675: result: 
configure:3697: checking whether we are cross compiling
configure:3705: gcc -o conftest    conftest.c  >&5
configure:3709: $? = 0
configure:3716: ./conftest
configure:3720: $? = 0
configure:3735: result: no
configure:3740: checking for suffix of object files
configure:3762: gcc -c   conftest.c >&5
configure:3766: $? = 0
configure:3787: result: o
configure:3791: checking whether we are using the GNU C compiler
configure:3810: gcc -c   conftest.c >&5
configure:3810: $? = 0
configure:3819: result: yes
configure:3828: checking whether gcc accepts -g
configure:3848: gcc -c -g  conftest.c >&5
configure:3848: $? = 0
configure:3889: result: yes
configure:3906: checking for gcc option to accept ISO C89
configure:3970: gcc  -c -g -O2  conftest.c >&5
configure:3970: $? = 0
configure:3983: result: none needed
configure:4005: checking dependency style of gcc
configure:4115: result: gcc3
configure:4130: checking for a sed that does not truncate output
configure:4194: result: /bin/sed
configure:4212: checking for grep that handles long lines and -e
configure:4270: result: /bin/grep
configure:4275: checking for egrep
configure:4337: result: /bin/grep -E
configure:4342: checking for fgrep
configure:4404: result: /bin/grep -F
configure:4439: checking for ld used by gcc
configure:4506: result: /usr/bin/ld
configure:4513: checking if the linker (/usr/bin/ld) is GNU ld
configure:4528: result: yes
configure:4540: checking for BSD- or MS-compatible name lister (nm)
configure:4589: result: /usr/bin/nm -B
configure:4707: checking the name lister (/usr/bin/nm -B) interface
configure:4708: gcc -c -g -O2  conftest.c >&5
configure:4711: /usr/bin/nm -B "conftest.o"
configure:4714: output
0000000000000000 B some_variable
configure:4727: result: BSD nm
configure:4730: checking whether ln -s works
configure:4734: result: yes
configure:4742: checking the maximum length of command line arguments
configure:4862: result: 1572864
configure:4879: checking whether the shell understands some XSI constructs
configure:4889: result: yes
configure:4893: checking whether the shell understands "+="
configure:4899: result: yes
configure:4934: checking for /usr/bin/ld option to reload object files
configure:4941: result: -r
configure:5010: checking for objdump
configure:5026: found /usr/bin/objdump
configure:5037: result: objdump
configure:5069: checking how to recognize dependent libraries
configure:5265: result: pass_all
configure:5325: checking for ar
configure:5341: found /usr/bin/ar
configure:5352: result: ar
configure:5430: checking for strip
configure:5446: found /usr/bin/strip
configure:5457: result: strip
configure:5529: checking for ranlib
configure:5545: found /usr/bin/ranlib
configure:5556: result: ranlib
configure:5646: checking command to parse /usr/bin/nm -B output from gcc object
configure:5764: gcc -c -g -O2  conftest.c >&5
configure:5767: $? = 0
configure:5771: /usr/bin/nm -B conftest.o \| sed -n -e 's/^.*[	 ]\([ABCDGIRSTW][ABCDGIRSTW]*\)[	 ][	 ]*\([_A-Za-z][_A-Za-z0-9]*\)$/\1 \2 \2/p' \> conftest.nm
configure:5774: $? = 0
configure:5828: gcc -o conftest -g -O2   conftest.c conftstm.o >&5
configure:5831: $? = 0
configure:5869: result: ok
configure:5965: gcc -c -g -O2  conftest.c >&5
configure:5968: $? = 0
configure:6678: checking how to run the C preprocessor
configure:6709: gcc -E  conftest.c
configure:6709: $? = 0
configure:6723: gcc -E  conftest.c
conftest.c:11:28: fatal error: ac_nonexistent.h: No such file or directory
 #include <ac_nonexistent.h>
                            ^
compilation terminated.
configure:6723: $? = 1
configure: failed program was:
| /* confdefs.h */
| #define PACKAGE_NAME "cpufreqd"
| #define PACKAGE_TARNAME "cpufreqd"
| #define PACKAGE_VERSION "2.4.1"
| #define PACKAGE_STRING "cpufreqd 2.4.1"
| #define PACKAGE_BUGREPORT "malattia@linux.it"
| #define PACKAGE_URL ""
| #define PACKAGE "cpufreqd"
| #define VERSION "2.4.1"
| /* end confdefs.h.  */
| #include <ac_nonexistent.h>
configure:6748: result: gcc -E
configure:6768: gcc -E  conftest.c
configure:6768: $? = 0
configure:6782: gcc -E  conftest.c
conftest.c:11:28: fatal error: ac_nonexistent.h: No such file or directory
 #include <ac_nonexistent.h>
                            ^
compilation terminated.
configure:6782: $? = 1
configure: failed program was:
| /* confdefs.h */
| #define PACKAGE_NAME "cpufreqd"
| #define PACKAGE_TARNAME "cpufreqd"
| #define PACKAGE_VERSION "2.4.1"
| #define PACKAGE_STRING "cpufreqd 2.4.1"
| #define PACKAGE_BUGREPORT "malattia@linux.it"
| #define PACKAGE_URL ""
| #define PACKAGE "cpufreqd"
| #define VERSION "2.4.1"
| /* end confdefs.h.  */
| #include <ac_nonexistent.h>
configure:6811: checking for ANSI C header files
configure:6831: gcc -c -g -O2  conftest.c >&5
configure:6831: $? = 0
configure:6904: gcc -o conftest -g -O2   conftest.c  >&5
configure:6904: $? = 0
configure:6904: ./conftest
configure:6904: $? = 0
configure:6915: result: yes
configure:6928: checking for sys/types.h
configure:6928: gcc -c -g -O2  conftest.c >&5
configure:6928: $? = 0
configure:6928: result: yes
configure:6928: checking for sys/stat.h
configure:6928: gcc -c -g -O2  conftest.c >&5
configure:6928: $? = 0
configure:6928: result: yes
configure:6928: checking for stdlib.h
configure:6928: gcc -c -g -O2  conftest.c >&5
configure:6928: $? = 0
configure:6928: result: yes
configure:6928: checking for string.h
configure:6928: gcc -c -g -O2  conftest.c >&5
configure:6928: $? = 0
configure:6928: result: yes
configure:6928: checking for memory.h
configure:6928: gcc -c -g -O2  conftest.c >&5
configure:6928: $? = 0
configure:6928: result: yes
configure:6928: checking for strings.h
configure:6928: gcc -c -g -O2  conftest.c >&5
configure:6928: $? = 0
configure:6928: result: yes
configure:6928: checking for inttypes.h
configure:6928: gcc -c -g -O2  conftest.c >&5
configure:6928: $? = 0
configure:6928: result: yes
configure:6928: checking for stdint.h
configure:6928: gcc -c -g -O2  conftest.c >&5
configure:6928: $? = 0
configure:6928: result: yes
configure:6928: checking for unistd.h
configure:6928: gcc -c -g -O2  conftest.c >&5
configure:6928: $? = 0
configure:6928: result: yes
configure:6943: checking for dlfcn.h
configure:6943: gcc -c -g -O2  conftest.c >&5
configure:6943: $? = 0
configure:6943: result: yes
configure:7065: checking for objdir
configure:7080: result: .libs
configure:7372: checking if gcc supports -fno-rtti -fno-exceptions
configure:7384: gcc -c -g -O2  -fno-rtti -fno-exceptions conftest.c >&5
cc1: warning: command line option '-fno-rtti' is valid for C++/ObjC++ but not for C
configure:7388: $? = 0
configure:7407: result: no
configure:7427: checking for gcc option to produce PIC
configure:7699: result: -fPIC -DPIC
configure:7711: checking if gcc PIC flag -fPIC -DPIC works
configure:7723: gcc -c -g -O2  -fPIC -DPIC -DPIC conftest.c >&5
configure:7727: $? = 0
configure:7746: result: yes
configure:7770: checking if gcc static flag -static works
configure:7798: result: yes
configure:7813: checking if gcc supports -c -o file.o
configure:7828: gcc -c -g -O2  -o out/conftest2.o conftest.c >&5
configure:7832: $? = 0
configure:7860: result: yes
configure:7868: checking if gcc supports -c -o file.o
configure:7915: result: yes
configure:7948: checking whether the gcc linker (/usr/bin/ld -m elf_x86_64) supports shared libraries
configure:8939: result: yes
configure:8976: checking whether -lc should be explicitly linked in
configure:8981: gcc -c -g -O2  conftest.c >&5
configure:8984: $? = 0
configure:8999: gcc -shared conftest.o  -v -Wl,-soname -Wl,conftest -o conftest 2\>\&1 \| /bin/grep  -lc  \>/dev/null 2\>\&1
configure:9002: $? = 0
configure:9014: result: no
configure:9178: checking dynamic linker characteristics
configure:9611: gcc -o conftest -g -O2   -Wl,-rpath -Wl,/foo conftest.c  >&5
configure:9611: $? = 0
configure:9841: result: GNU/Linux ld.so
configure:9943: checking how to hardcode library paths into programs
configure:9968: result: immediate
configure:10062: checking for shl_load
configure:10062: gcc -o conftest -g -O2   conftest.c  >&5
/tmp/ccN6kmlU.o: In function `main':
/home/parth/Documents/cpufreqd-2.4.1/conftest.c:57: undefined reference to `shl_load'
collect2: error: ld returned 1 exit status
configure:10062: $? = 1
configure: failed program was:
| /* confdefs.h */
| #define PACKAGE_NAME "cpufreqd"
| #define PACKAGE_TARNAME "cpufreqd"
| #define PACKAGE_VERSION "2.4.1"
| #define PACKAGE_STRING "cpufreqd 2.4.1"
| #define PACKAGE_BUGREPORT "malattia@linux.it"
| #define PACKAGE_URL ""
| #define PACKAGE "cpufreqd"
| #define VERSION "2.4.1"
| #define STDC_HEADERS 1
| #define HAVE_SYS_TYPES_H 1
| #define HAVE_SYS_STAT_H 1
| #define HAVE_STDLIB_H 1
| #define HAVE_STRING_H 1
| #define HAVE_MEMORY_H 1
| #define HAVE_STRINGS_H 1
| #define HAVE_INTTYPES_H 1
| #define HAVE_STDINT_H 1
| #define HAVE_UNISTD_H 1
| #define HAVE_DLFCN_H 1
| #define LT_OBJDIR ".libs/"
| /* end confdefs.h.  */
| /* Define shl_load to an innocuous variant, in case <limits.h> declares shl_load.
|    For example, HP-UX 11i <limits.h> declares gettimeofday.  */
| #define shl_load innocuous_shl_load
| 
| /* System header to define __stub macros and hopefully few prototypes,
|     which can conflict with char shl_load (); below.
|     Prefer <limits.h> to <assert.h> if __STDC__ is defined, since
|     <limits.h> exists even on freestanding compilers.  */
| 
| #ifdef __STDC__
| # include <limits.h>
| #else
| # include <assert.h>
| #endif
| 
| #undef shl_load
| 
| /* Override any GCC internal prototype to avoid an error.
|    Use char because int might match the return type of a GCC
|    builtin and then its argument prototype would still apply.  */
| #ifdef __cplusplus
| extern "C"
| #endif
| char shl_load ();
| /* The GNU C library defines this for functions which it implements
|     to always fail with ENOSYS.  Some functions are actually named
|     something starting with __ and the normal name is an alias.  */
| #if defined __stub_shl_load || defined __stub___shl_load
| choke me
| #endif
| 
| int
| main ()
| {
| return shl_load ();
|   ;
|   return 0;
| }
configure:10062: result: no
configure:10066: checking for shl_load in -ldld
configure:10091: gcc -o conftest -g -O2   conftest.c -ldld   >&5
/usr/bin/ld: cannot find -ldld
collect2: error: ld returned 1 exit status
configure:10091: $? = 1
configure: failed program was:
| /* confdefs.h */
| #define PACKAGE_NAME "cpufreqd"
| #define PACKAGE_TARNAME "cpufreqd"
| #define PACKAGE_VERSION "2.4.1"
| #define PACKAGE_STRING "cpufreqd 2.4.1"
| #define PACKAGE_BUGREPORT "malattia@linux.it"
| #define PACKAGE_URL ""
| #define PACKAGE "cpufreqd"
| #define VERSION "2.4.1"
| #define STDC_HEADERS 1
| #define HAVE_SYS_TYPES_H 1
| #define HAVE_SYS_STAT_H 1
| #define HAVE_STDLIB_H 1
| #define HAVE_STRING_H 1
| #define HAVE_MEMORY_H 1
| #define HAVE_STRINGS_H 1
| #define HAVE_INTTYPES_H 1
| #define HAVE_STDINT_H 1
| #define HAVE_UNISTD_H 1
| #define HAVE_DLFCN_H 1
| #define LT_OBJDIR ".libs/"
| /* end confdefs.h.  */
| 
| /* Override any GCC internal prototype to avoid an error.
|    Use char because int might match the return type of a GCC
|    builtin and then its argument prototype would still apply.  */
| #ifdef __cplusplus
| extern "C"
| #endif
| char shl_load ();
| int
| main ()
| {
| return shl_load ();
|   ;
|   return 0;
| }
configure:10100: result: no
configure:10105: checking for dlopen
configure:10105: gcc -o conftest -g -O2   conftest.c  >&5
/tmp/ccHjvJh0.o: In function `main':
/home/parth/Documents/cpufreqd-2.4.1/conftest.c:57: undefined reference to `dlopen'
collect2: error: ld returned 1 exit status
configure:10105: $? = 1
configure: failed program was:
| /* confdefs.h */
| #define PACKAGE_NAME "cpufreqd"
| #define PACKAGE_TARNAME "cpufreqd"
| #define PACKAGE_VERSION "2.4.1"
| #define PACKAGE_STRING "cpufreqd 2.4.1"
| #define PACKAGE_BUGREPORT "malattia@linux.it"
| #define PACKAGE_URL ""
| #define PACKAGE "cpufreqd"
| #define VERSION "2.4.1"
| #define STDC_HEADERS 1
| #define HAVE_SYS_TYPES_H 1
| #define HAVE_SYS_STAT_H 1
| #define HAVE_STDLIB_H 1
| #define HAVE_STRING_H 1
| #define HAVE_MEMORY_H 1
| #define HAVE_STRINGS_H 1
| #define HAVE_INTTYPES_H 1
| #define HAVE_STDINT_H 1
| #define HAVE_UNISTD_H 1
| #define HAVE_DLFCN_H 1
| #define LT_OBJDIR ".libs/"
| /* end confdefs.h.  */
| /* Define dlopen to an innocuous variant, in case <limits.h> declares dlopen.
|    For example, HP-UX 11i <limits.h> declares gettimeofday.  */
| #define dlopen innocuous_dlopen
| 
| /* System header to define __stub macros and hopefully few prototypes,
|     which can conflict with char dlopen (); below.
|     Prefer <limits.h> to <assert.h> if __STDC__ is defined, since
|     <limits.h> exists even on freestanding compilers.  */
| 
| #ifdef __STDC__
| # include <limits.h>
| #else
| # include <assert.h>
| #endif
| 
| #undef dlopen
| 
| /* Override any GCC internal prototype to avoid an error.
|    Use char because int might match the return type of a GCC
|    builtin and then its argument prototype would still apply.  */
| #ifdef __cplusplus
| extern "C"
| #endif
| char dlopen ();
| /* The GNU C library defines this for functions which it implements
|     to always fail with ENOSYS.  Some functions are actually named
|     something starting with __ and the normal name is an alias.  */
| #if defined __stub_dlopen || defined __stub___dlopen
| choke me
| #endif
| 
| int
| main ()
| {
| return dlopen ();
|   ;
|   return 0;
| }
configure:10105: result: no
configure:10109: checking for dlopen in -ldl
configure:10134: gcc -o conftest -g -O2   conftest.c -ldl   >&5
configure:10134: $? = 0
configure:10143: result: yes
configure:10262: checking whether a program can dlopen itself
configure:10332: gcc -o conftest -g -O2  -DHAVE_DLFCN_H  -Wl,--export-dynamic conftest.c -ldl  >&5
configure:10335: $? = 0
configure:10353: result: yes
configure:10358: checking whether a statically linked program can dlopen itself
configure:10428: gcc -o conftest -g -O2  -DHAVE_DLFCN_H  -Wl,--export-dynamic -static conftest.c -ldl  >&5
/tmp/ccb4gHe9.o: In function `main':
/home/parth/Documents/cpufreqd-2.4.1/configure:10406: warning: Using 'dlopen' in statically linked applications requires at runtime the shared libraries from the glibc version used for linking
/usr/bin/ld: dynamic STT_GNU_IFUNC symbol `strcmp' with pointer equality in `/usr/lib/gcc/x86_64-linux-gnu/6/../../../x86_64-linux-gnu/libc.a(strcmp.o)' can not be used when making an executable; recompile with -fPIE and relink with -pie
collect2: error: ld returned 1 exit status
configure:10431: $? = 1
configure:10449: result: no
configure:10488: checking whether stripping libraries is possible
configure:10493: result: yes
configure:10528: checking if libtool supports shared libraries
configure:10530: result: yes
configure:10533: checking whether to build shared libraries
configure:10554: result: yes
configure:10557: checking whether to build static libraries
configure:10561: result: no
configure:10648: checking for gcc
configure:10675: result: gcc
configure:10904: checking for C compiler version
configure:10913: gcc --version >&5
gcc (Ubuntu 6.3.0-12ubuntu2) 6.3.0 20170406
Copyright (C) 2016 Free Software Foundation, Inc.
This is free software; see the source for copying conditions.  There is NO
warranty; not even for MERCHANTABILITY or FITNESS FOR A PARTICULAR PURPOSE.

configure:10924: $? = 0
configure:10913: gcc -v >&5
Using built-in specs.
COLLECT_GCC=gcc
COLLECT_LTO_WRAPPER=/usr/lib/gcc/x86_64-linux-gnu/6/lto-wrapper
Target: x86_64-linux-gnu
Configured with: ../src/configure -v --with-pkgversion='Ubuntu 6.3.0-12ubuntu2' --with-bugurl=file:///usr/share/doc/gcc-6/README.Bugs --enable-languages=c,ada,c++,java,go,d,fortran,objc,obj-c++ --prefix=/usr --program-suffix=-6 --program-prefix=x86_64-linux-gnu- --enable-shared --enable-linker-build-id --libexecdir=/usr/lib --without-included-gettext --enable-threads=posix --libdir=/usr/lib --enable-nls --with-sysroot=/ --enable-clocale=gnu --enable-libstdcxx-debug --enable-libstdcxx-time=yes --with-default-libstdcxx-abi=new --enable-gnu-unique-object --disable-vtable-verify --enable-libmpx --enable-plugin --enable-default-pie --with-system-zlib --disable-browser-plugin --enable-java-awt=gtk --enable-gtk-cairo --with-java-home=/usr/lib/jvm/java-1.5.0-gcj-6-amd64/jre --enable-java-home --with-jvm-root-dir=/usr/lib/jvm/java-1.5.0-gcj-6-amd64 --with-jvm-jar-dir=/usr/lib/jvm-exports/java-1.5.0-gcj-6-amd64 --with-arch-directory=amd64 --with-ecj-jar=/usr/share/java/eclipse-ecj.jar --with-target-system-zlib --enable-objc-gc=auto --enable-multiarch --disable-werror --with-arch-32=i686 --with-abi=m64 --with-multilib-list=m32,m64,mx32 --enable-multilib --with-tune=generic --enable-checking=release --build=x86_64-linux-gnu --host=x86_64-linux-gnu --target=x86_64-linux-gnu
Thread model: posix
gcc version 6.3.0 20170406 (Ubuntu 6.3.0-12ubuntu2) 
configure:10924: $? = 0
configure:10913: gcc -V >&5
gcc: error: unrecognized command line option '-V'
gcc: fatal error: no input files
compilation terminated.
configure:10924: $? = 1
configure:10913: gcc -qversion >&5
gcc: error: unrecognized command line option '-qversion'; did you mean '--version'?
gcc: fatal error: no input files
compilation terminated.
configure:10924: $? = 1
configure:10928: checking whether we are using the GNU C compiler
configure:10956: result: yes
configure:10965: checking whether gcc accepts -g
configure:11026: result: yes
configure:11043: checking for gcc option to accept ISO C89
configure:11120: result: none needed
configure:11142: checking dependency style of gcc
configure:11252: result: gcc3
configure:11273: checking for dirent.h that defines DIR
configure:11292: gcc -c -g -O2  conftest.c >&5
configure:11292: $? = 0
configure:11300: result: yes
configure:11314: checking for library containing opendir
configure:11345: gcc -o conftest -g -O2   conftest.c  >&5
configure:11345: $? = 0
configure:11362: result: none required
configure:11429: checking for ANSI C header files
configure:11533: result: yes
configure:11541: checking whether time.h and sys/time.h may both be included
configure:11561: gcc -c -g -O2  conftest.c >&5
configure:11561: $? = 0
configure:11568: result: yes
configure:11579: checking fcntl.h usability
configure:11579: gcc -c -g -O2  conftest.c >&5
configure:11579: $? = 0
configure:11579: result: yes
configure:11579: checking fcntl.h presence
configure:11579: gcc -E  conftest.c
configure:11579: $? = 0
configure:11579: result: yes
configure:11579: checking for fcntl.h
configure:11579: result: yes
configure:11579: checking fnmatch.h usability
configure:11579: gcc -c -g -O2  conftest.c >&5
configure:11579: $? = 0
configure:11579: result: yes
configure:11579: checking fnmatch.h presence
configure:11579: gcc -E  conftest.c
configure:11579: $? = 0
configure:11579: result: yes
configure:11579: checking for fnmatch.h
configure:11579: result: yes
configure:11579: checking limits.h usability
configure:11579: gcc -c -g -O2  conftest.c >&5
configure:11579: $? = 0
configure:11579: result: yes
configure:11579: checking limits.h presence
configure:11579: gcc -E  conftest.c
configure:11579: $? = 0
configure:11579: result: yes
configure:11579: checking for limits.h
configure:11579: result: yes
configure:11579: checking syslog.h usability
configure:11579: gcc -c -g -O2  conftest.c >&5
configure:11579: $? = 0
configure:11579: result: yes
configure:11579: checking syslog.h presence
configure:11579: gcc -E  conftest.c
configure:11579: $? = 0
configure:11579: result: yes
configure:11579: checking for syslog.h
configure:11579: result: yes
configure:11579: checking for unistd.h
configure:11579: result: yes
configure:11579: checking getopt.h usability
configure:11579: gcc -c -g -O2  conftest.c >&5
configure:11579: $? = 0
configure:11579: result: yes
configure:11579: checking getopt.h presence
configure:11579: gcc -E  conftest.c
configure:11579: $? = 0
configure:11579: result: yes
configure:11579: checking for getopt.h
configure:11579: result: yes
configure:11579: checking errno.h usability
configure:11579: gcc -c -g -O2  conftest.c >&5
configure:11579: $? = 0
configure:11579: result: yes
configure:11579: checking errno.h presence
configure:11579: gcc -E  conftest.c
configure:11579: $? = 0
configure:11579: result: yes
configure:11579: checking for errno.h
configure:11579: result: yes
configure:11579: checking for sys/types.h
configure:11579: result: yes
configure:11579: checking for sys/stat.h
configure:11579: result: yes
configure:11579: checking signal.h usability
configure:11579: gcc -c -g -O2  conftest.c >&5
configure:11579: $? = 0
configure:11579: result: yes
configure:11579: checking signal.h presence
configure:11579: gcc -E  conftest.c
configure:11579: $? = 0
configure:11579: result: yes
configure:11579: checking for signal.h
configure:11579: result: yes
configure:11579: checking ctype.h usability
configure:11579: gcc -c -g -O2  conftest.c >&5
configure:11579: $? = 0
configure:11579: result: yes
configure:11579: checking ctype.h presence
configure:11579: gcc -E  conftest.c
configure:11579: $? = 0
configure:11579: result: yes
configure:11579: checking for ctype.h
configure:11579: result: yes
configure:11579: checking for dlfcn.h
configure:11579: result: yes
configure:11579: checking libgen.h usability
configure:11579: gcc -c -g -O2  conftest.c >&5
configure:11579: $? = 0
configure:11579: result: yes
configure:11579: checking libgen.h presence
configure:11579: gcc -E  conftest.c
configure:11579: $? = 0
configure:11579: result: yes
configure:11579: checking for libgen.h
configure:11579: result: yes
configure:11579: checking sys/socket.h usability
configure:11579: gcc -c -g -O2  conftest.c >&5
configure:11579: $? = 0
configure:11579: result: yes
configure:11579: checking sys/socket.h presence
configure:11579: gcc -E  conftest.c
configure:11579: $? = 0
configure:11579: result: yes
configure:11579: checking for sys/socket.h
configure:11579: result: yes
configure:11579: checking sys/un.h usability
configure:11579: gcc -c -g -O2  conftest.c >&5
configure:11579: $? = 0
configure:11579: result: yes
configure:11579: checking sys/un.h presence
configure:11579: gcc -E  conftest.c
configure:11579: $? = 0
configure:11579: result: yes
configure:11579: checking for sys/un.h
configure:11579: result: yes
configure:11579: checking cpufreq.h usability
configure:11579: gcc -c -g -O2  conftest.c >&5
configure:11579: $? = 0
configure:11579: result: yes
configure:11579: checking cpufreq.h presence
configure:11579: gcc -E  conftest.c
configure:11579: $? = 0
configure:11579: result: yes
configure:11579: checking for cpufreq.h
configure:11579: result: yes
configure:11592: checking for an ANSI C-conforming const
configure:11657: gcc -c -g -O2  conftest.c >&5
configure:11657: $? = 0
configure:11664: result: yes
configure:11674: checking for pid_t
configure:11674: gcc -c -g -O2  conftest.c >&5
configure:11674: $? = 0
configure:11674: gcc -c -g -O2  conftest.c >&5
conftest.c: In function 'main':
conftest.c:78:20: error: expected expression before ')' token
 if (sizeof ((pid_t)))
                    ^
configure:11674: $? = 1
configure: failed program was:
| /* confdefs.h */
| #define PACKAGE_NAME "cpufreqd"
| #define PACKAGE_TARNAME "cpufreqd"
| #define PACKAGE_VERSION "2.4.1"
| #define PACKAGE_STRING "cpufreqd 2.4.1"
| #define PACKAGE_BUGREPORT "malattia@linux.it"
| #define PACKAGE_URL ""
| #define PACKAGE "cpufreqd"
| #define VERSION "2.4.1"
| #define STDC_HEADERS 1
| #define HAVE_SYS_TYPES_H 1
| #define HAVE_SYS_STAT_H 1
| #define HAVE_STDLIB_H 1
| #define HAVE_STRING_H 1
| #define HAVE_MEMORY_H 1
| #define HAVE_STRINGS_H 1
| #define HAVE_INTTYPES_H 1
| #define HAVE_STDINT_H 1
| #define HAVE_UNISTD_H 1
| #define HAVE_DLFCN_H 1
| #define LT_OBJDIR ".libs/"
| #define HAVE_DIRENT_H 1
| #define STDC_HEADERS 1
| #define TIME_WITH_SYS_TIME 1
| #define HAVE_FCNTL_H 1
| #define HAVE_FNMATCH_H 1
| #define HAVE_LIMITS_H 1
| #define HAVE_SYSLOG_H 1
| #define HAVE_UNISTD_H 1
| #define HAVE_GETOPT_H 1
| #define HAVE_ERRNO_H 1
| #define HAVE_SYS_TYPES_H 1
| #define HAVE_SYS_STAT_H 1
| #define HAVE_SIGNAL_H 1
| #define HAVE_CTYPE_H 1
| #define HAVE_DLFCN_H 1
| #define HAVE_LIBGEN_H 1
| #define HAVE_SYS_SOCKET_H 1
| #define HAVE_SYS_UN_H 1
| #define HAVE_CPUFREQ_H 1
| /* end confdefs.h.  */
| #include <stdio.h>
| #ifdef HAVE_SYS_TYPES_H
| # include <sys/types.h>
| #endif
| #ifdef HAVE_SYS_STAT_H
| # include <sys/stat.h>
| #endif
| #ifdef STDC_HEADERS
| # include <stdlib.h>
| # include <stddef.h>
| #else
| # ifdef HAVE_STDLIB_H
| #  include <stdlib.h>
| # endif
| #endif
| #ifdef HAVE_STRING_H
| # if !defined STDC_HEADERS && defined HAVE_MEMORY_H
| #  include <memory.h>
| # endif
| # include <string.h>
| #endif
| #ifdef HAVE_STRINGS_H
| # include <strings.h>
| #endif
| #ifdef HAVE_INTTYPES_H
| # include <inttypes.h>
| #endif
| #ifdef HAVE_STDINT_H
| # include <stdint.h>
| #endif
| #ifdef HAVE_UNISTD_H
| # include <unistd.h>
| #endif
| int
| main ()
| {
| if (sizeof ((pid_t)))
| 	    return 0;
|   ;
|   return 0;
| }
configure:11674: result: yes
configure:11687: checking vfork.h usability
configure:11687: gcc -c -g -O2  conftest.c >&5
conftest.c:75:19: fatal error: vfork.h: No such file or directory
 #include <vfork.h>
                   ^
compilation terminated.
configure:11687: $? = 1
configure: failed program was:
| /* confdefs.h */
| #define PACKAGE_NAME "cpufreqd"
| #define PACKAGE_TARNAME "cpufreqd"
| #define PACKAGE_VERSION "2.4.1"
| #define PACKAGE_STRING "cpufreqd 2.4.1"
| #define PACKAGE_BUGREPORT "malattia@linux.it"
| #define PACKAGE_URL ""
| #define PACKAGE "cpufreqd"
| #define VERSION "2.4.1"
| #define STDC_HEADERS 1
| #define HAVE_SYS_TYPES_H 1
| #define HAVE_SYS_STAT_H 1
| #define HAVE_STDLIB_H 1
| #define HAVE_STRING_H 1
| #define HAVE_MEMORY_H 1
| #define HAVE_STRINGS_H 1
| #define HAVE_INTTYPES_H 1
| #define HAVE_STDINT_H 1
| #define HAVE_UNISTD_H 1
| #define HAVE_DLFCN_H 1
| #define LT_OBJDIR ".libs/"
| #define HAVE_DIRENT_H 1
| #define STDC_HEADERS 1
| #define TIME_WITH_SYS_TIME 1
| #define HAVE_FCNTL_H 1
| #define HAVE_FNMATCH_H 1
| #define HAVE_LIMITS_H 1
| #define HAVE_SYSLOG_H 1
| #define HAVE_UNISTD_H 1
| #define HAVE_GETOPT_H 1
| #define HAVE_ERRNO_H 1
| #define HAVE_SYS_TYPES_H 1
| #define HAVE_SYS_STAT_H 1
| #define HAVE_SIGNAL_H 1
| #define HAVE_CTYPE_H 1
| #define HAVE_DLFCN_H 1
| #define HAVE_LIBGEN_H 1
| #define HAVE_SYS_SOCKET_H 1
| #define HAVE_SYS_UN_H 1
| #define HAVE_CPUFREQ_H 1
| /* end confdefs.h.  */
| #include <stdio.h>
| #ifdef HAVE_SYS_TYPES_H
| # include <sys/types.h>
| #endif
| #ifdef HAVE_SYS_STAT_H
| # include <sys/stat.h>
| #endif
| #ifdef STDC_HEADERS
| # include <stdlib.h>
| # include <stddef.h>
| #else
| # ifdef HAVE_STDLIB_H
| #  include <stdlib.h>
| # endif
| #endif
| #ifdef HAVE_STRING_H
| # if !defined STDC_HEADERS && defined HAVE_MEMORY_H
| #  include <memory.h>
| # endif
| # include <string.h>
| #endif
| #ifdef HAVE_STRINGS_H
| # include <strings.h>
| #endif
| #ifdef HAVE_INTTYPES_H
| # include <inttypes.h>
| #endif
| #ifdef HAVE_STDINT_H
| # include <stdint.h>
| #endif
| #ifdef HAVE_UNISTD_H
| # include <unistd.h>
| #endif
| #include <vfork.h>
configure:11687: result: no
configure:11687: checking vfork.h presence
configure:11687: gcc -E  conftest.c
conftest.c:42:19: fatal error: vfork.h: No such file or directory
 #include <vfork.h>
                   ^
compilation terminated.
configure:11687: $? = 1
configure: failed program was:
| /* confdefs.h */
| #define PACKAGE_NAME "cpufreqd"
| #define PACKAGE_TARNAME "cpufreqd"
| #define PACKAGE_VERSION "2.4.1"
| #define PACKAGE_STRING "cpufreqd 2.4.1"
| #define PACKAGE_BUGREPORT "malattia@linux.it"
| #define PACKAGE_URL ""
| #define PACKAGE "cpufreqd"
| #define VERSION "2.4.1"
| #define STDC_HEADERS 1
| #define HAVE_SYS_TYPES_H 1
| #define HAVE_SYS_STAT_H 1
| #define HAVE_STDLIB_H 1
| #define HAVE_STRING_H 1
| #define HAVE_MEMORY_H 1
| #define HAVE_STRINGS_H 1
| #define HAVE_INTTYPES_H 1
| #define HAVE_STDINT_H 1
| #define HAVE_UNISTD_H 1
| #define HAVE_DLFCN_H 1
| #define LT_OBJDIR ".libs/"
| #define HAVE_DIRENT_H 1
| #define STDC_HEADERS 1
| #define TIME_WITH_SYS_TIME 1
| #define HAVE_FCNTL_H 1
| #define HAVE_FNMATCH_H 1
| #define HAVE_LIMITS_H 1
| #define HAVE_SYSLOG_H 1
| #define HAVE_UNISTD_H 1
| #define HAVE_GETOPT_H 1
| #define HAVE_ERRNO_H 1
| #define HAVE_SYS_TYPES_H 1
| #define HAVE_SYS_STAT_H 1
| #define HAVE_SIGNAL_H 1
| #define HAVE_CTYPE_H 1
| #define HAVE_DLFCN_H 1
| #define HAVE_LIBGEN_H 1
| #define HAVE_SYS_SOCKET_H 1
| #define HAVE_SYS_UN_H 1
| #define HAVE_CPUFREQ_H 1
| /* end confdefs.h.  */
| #include <vfork.h>
configure:11687: result: no
configure:11687: checking for vfork.h
configure:11687: result: no
configure:11700: checking for fork
configure:11700: gcc -o conftest -g -O2   conftest.c  >&5
conftest.c:65:6: warning: conflicting types for built-in function 'fork'
 char fork ();
      ^~~~
configure:11700: $? = 0
configure:11700: result: yes
configure:11700: checking for vfork
configure:11700: gcc -o conftest -g -O2   conftest.c  >&5
configure:11700: $? = 0
configure:11700: result: yes
configure:11711: checking for working fork
configure:11733: gcc -o conftest -g -O2   conftest.c  >&5
configure:11733: $? = 0
configure:11733: ./conftest
configure:11733: $? = 0
configure:11743: result: yes
configure:11764: checking for working vfork
configure:11874: result: yes
configure:11901: checking for stdlib.h
configure:11901: result: yes
configure:11911: checking for GNU libc compatible malloc
configure:11935: gcc -o conftest -g -O2   conftest.c  >&5
configure:11935: $? = 0
configure:11935: ./conftest
configure:11935: $? = 0
configure:11945: result: yes
configure:11966: checking whether lstat correctly handles trailing slash
configure:11992: gcc -o conftest -g -O2   conftest.c  >&5
configure:11992: $? = 0
configure:11992: ./conftest
configure:11992: $? = 0
configure:12009: result: yes
configure:12028: checking whether stat accepts an empty string
configure:12048: gcc -o conftest -g -O2   conftest.c  >&5
configure:12048: $? = 0
configure:12048: ./conftest
configure:12048: $? = 0
configure:12058: result: no
configure:12076: checking for vprintf
configure:12076: gcc -o conftest -g -O2   conftest.c  >&5
conftest.c:72:6: warning: conflicting types for built-in function 'vprintf'
 char vprintf ();
      ^~~~~~~
configure:12076: $? = 0
configure:12076: result: yes
configure:12082: checking for _doprnt
configure:12082: gcc -o conftest -g -O2   conftest.c  >&5
/tmp/ccwWhbtC.o: In function `main':
/home/parth/Documents/cpufreqd-2.4.1/conftest.c:84: undefined reference to `_doprnt'
collect2: error: ld returned 1 exit status
configure:12082: $? = 1
configure: failed program was:
| /* confdefs.h */
| #define PACKAGE_NAME "cpufreqd"
| #define PACKAGE_TARNAME "cpufreqd"
| #define PACKAGE_VERSION "2.4.1"
| #define PACKAGE_STRING "cpufreqd 2.4.1"
| #define PACKAGE_BUGREPORT "malattia@linux.it"
| #define PACKAGE_URL ""
| #define PACKAGE "cpufreqd"
| #define VERSION "2.4.1"
| #define STDC_HEADERS 1
| #define HAVE_SYS_TYPES_H 1
| #define HAVE_SYS_STAT_H 1
| #define HAVE_STDLIB_H 1
| #define HAVE_STRING_H 1
| #define HAVE_MEMORY_H 1
| #define HAVE_STRINGS_H 1
| #define HAVE_INTTYPES_H 1
| #define HAVE_STDINT_H 1
| #define HAVE_UNISTD_H 1
| #define HAVE_DLFCN_H 1
| #define LT_OBJDIR ".libs/"
| #define HAVE_DIRENT_H 1
| #define STDC_HEADERS 1
| #define TIME_WITH_SYS_TIME 1
| #define HAVE_FCNTL_H 1
| #define HAVE_FNMATCH_H 1
| #define HAVE_LIMITS_H 1
| #define HAVE_SYSLOG_H 1
| #define HAVE_UNISTD_H 1
| #define HAVE_GETOPT_H 1
| #define HAVE_ERRNO_H 1
| #define HAVE_SYS_TYPES_H 1
| #define HAVE_SYS_STAT_H 1
| #define HAVE_SIGNAL_H 1
| #define HAVE_CTYPE_H 1
| #define HAVE_DLFCN_H 1
| #define HAVE_LIBGEN_H 1
| #define HAVE_SYS_SOCKET_H 1
| #define HAVE_SYS_UN_H 1
| #define HAVE_CPUFREQ_H 1
| #define HAVE_FORK 1
| #define HAVE_VFORK 1
| #define HAVE_WORKING_VFORK 1
| #define HAVE_WORKING_FORK 1
| #define HAVE_STDLIB_H 1
| #define HAVE_MALLOC 1
| #define LSTAT_FOLLOWS_SLASHED_SYMLINK 1
| #define HAVE_VPRINTF 1
| /* end confdefs.h.  */
| /* Define _doprnt to an innocuous variant, in case <limits.h> declares _doprnt.
|    For example, HP-UX 11i <limits.h> declares gettimeofday.  */
| #define _doprnt innocuous__doprnt
| 
| /* System header to define __stub macros and hopefully few prototypes,
|     which can conflict with char _doprnt (); below.
|     Prefer <limits.h> to <assert.h> if __STDC__ is defined, since
|     <limits.h> exists even on freestanding compilers.  */
| 
| #ifdef __STDC__
| # include <limits.h>
| #else
| # include <assert.h>
| #endif
| 
| #undef _doprnt
| 
| /* Override any GCC internal prototype to avoid an error.
|    Use char because int might match the return type of a GCC
|    builtin and then its argument prototype would still apply.  */
| #ifdef __cplusplus
| extern "C"
| #endif
| char _doprnt ();
| /* The GNU C library defines this for functions which it implements
|     to always fail with ENOSYS.  Some functions are actually named
|     something starting with __ and the normal name is an alias.  */
| #if defined __stub__doprnt || defined __stub____doprnt
| choke me
| #endif
| 
| int
| main ()
| {
| return _doprnt ();
|   ;
|   return 0;
| }
configure:12082: result: no
configure:12096: checking for memset
configure:12096: gcc -o conftest -g -O2   conftest.c  >&5
conftest.c:73:6: warning: conflicting types for built-in function 'memset'
 char memset ();
      ^~~~~~
configure:12096: $? = 0
configure:12096: result: yes
configure:12096: checking for realpath
configure:12096: gcc -o conftest -g -O2   conftest.c  >&5
configure:12096: $? = 0
configure:12096: result: yes
configure:12096: checking for strerror
configure:12096: gcc -o conftest -g -O2   conftest.c  >&5
configure:12096: $? = 0
configure:12096: result: yes
configure:12096: checking for strstr
configure:12096: gcc -o conftest -g -O2   conftest.c  >&5
conftest.c:76:6: warning: conflicting types for built-in function 'strstr'
 char strstr ();
      ^~~~~~
configure:12096: $? = 0
configure:12096: result: yes
configure:12096: checking for scandir
configure:12096: gcc -o conftest -g -O2   conftest.c  >&5
configure:12096: $? = 0
configure:12096: result: yes
configure:12096: checking for socket
configure:12096: gcc -o conftest -g -O2   conftest.c  >&5
configure:12096: $? = 0
configure:12096: result: yes
configure:12096: checking for connect
configure:12096: gcc -o conftest -g -O2   conftest.c  >&5
configure:12096: $? = 0
configure:12096: result: yes
configure:12096: checking for perror
configure:12096: gcc -o conftest -g -O2   conftest.c  >&5
configure:12096: $? = 0
configure:12096: result: yes
configure:12108: checking for dlopen in -ldl
configure:12142: result: yes
configure:12150: checking for cpufreq_cpu_exists in -lcpufreq
configure:12175: gcc -o conftest -g -O2   conftest.c -lcpufreq   >&5
configure:12175: $? = 0
configure:12184: result: yes
configure:12221: checking pthread.h usability
configure:12221: gcc -c -g -O2  conftest.c >&5
configure:12221: $? = 0
configure:12221: result: yes
configure:12221: checking pthread.h presence
configure:12221: gcc -E  conftest.c
configure:12221: $? = 0
configure:12221: result: yes
configure:12221: checking for pthread.h
configure:12221: result: yes
configure:12223: checking for pthread_create in -lpthread
configure:12248: gcc -o conftest -g -O2   conftest.c -lpthread   >&5
configure:12248: $? = 0
configure:12257: result: yes
configure:12575: checking sensors/sensors.h usability
configure:12575: gcc -c -g -O2  conftest.c >&5
conftest.c:92:29: fatal error: sensors/sensors.h: No such file or directory
 #include <sensors/sensors.h>
                             ^
compilation terminated.
configure:12575: $? = 1
configure: failed program was:
| /* confdefs.h */
| #define PACKAGE_NAME "cpufreqd"
| #define PACKAGE_TARNAME "cpufreqd"
| #define PACKAGE_VERSION "2.4.1"
| #define PACKAGE_STRING "cpufreqd 2.4.1"
| #define PACKAGE_BUGREPORT "malattia@linux.it"
| #define PACKAGE_URL ""
| #define PACKAGE "cpufreqd"
| #define VERSION "2.4.1"
| #define STDC_HEADERS 1
| #define HAVE_SYS_TYPES_H 1
| #define HAVE_SYS_STAT_H 1
| #define HAVE_STDLIB_H 1
| #define HAVE_STRING_H 1
| #define HAVE_MEMORY_H 1
| #define HAVE_STRINGS_H 1
| #define HAVE_INTTYPES_H 1
| #define HAVE_STDINT_H 1
| #define HAVE_UNISTD_H 1
| #define HAVE_DLFCN_H 1
| #define LT_OBJDIR ".libs/"
| #define HAVE_DIRENT_H 1
| #define STDC_HEADERS 1
| #define TIME_WITH_SYS_TIME 1
| #define HAVE_FCNTL_H 1
| #define HAVE_FNMATCH_H 1
| #define HAVE_LIMITS_H 1
| #define HAVE_SYSLOG_H 1
| #define HAVE_UNISTD_H 1
| #define HAVE_GETOPT_H 1
| #define HAVE_ERRNO_H 1
| #define HAVE_SYS_TYPES_H 1
| #define HAVE_SYS_STAT_H 1
| #define HAVE_SIGNAL_H 1
| #define HAVE_CTYPE_H 1
| #define HAVE_DLFCN_H 1
| #define HAVE_LIBGEN_H 1
| #define HAVE_SYS_SOCKET_H 1
| #define HAVE_SYS_UN_H 1
| #define HAVE_CPUFREQ_H 1
| #define HAVE_FORK 1
| #define HAVE_VFORK 1
| #define HAVE_WORKING_VFORK 1
| #define HAVE_WORKING_FORK 1
| #define HAVE_STDLIB_H 1
| #define HAVE_MALLOC 1
| #define LSTAT_FOLLOWS_SLASHED_SYMLINK 1
| #define HAVE_VPRINTF 1
| #define HAVE_MEMSET 1
| #define HAVE_REALPATH 1
| #define HAVE_STRERROR 1
| #define HAVE_STRSTR 1
| #define HAVE_SCANDIR 1
| #define HAVE_SOCKET 1
| #define HAVE_CONNECT 1
| #define HAVE_PERROR 1
| #define PTHREAD_DIR /**/
| /* end confdefs.h.  */
| #include <stdio.h>
| #ifdef HAVE_SYS_TYPES_H
| # include <sys/types.h>
| #endif
| #ifdef HAVE_SYS_STAT_H
| # include <sys/stat.h>
| #endif
| #ifdef STDC_HEADERS
| # include <stdlib.h>
| # include <stddef.h>
| #else
| # ifdef HAVE_STDLIB_H
| #  include <stdlib.h>
| # endif
| #endif
| #ifdef HAVE_STRING_H
| # if !defined STDC_HEADERS && defined HAVE_MEMORY_H
| #  include <memory.h>
| # endif
| # include <string.h>
| #endif
| #ifdef HAVE_STRINGS_H
| # include <strings.h>
| #endif
| #ifdef HAVE_INTTYPES_H
| # include <inttypes.h>
| #endif
| #ifdef HAVE_STDINT_H
| # include <stdint.h>
| #endif
| #ifdef HAVE_UNISTD_H
| # include <unistd.h>
| #endif
| #include <sensors/sensors.h>
configure:12575: result: no
configure:12575: checking sensors/sensors.h presence
configure:12575: gcc -E  conftest.c
conftest.c:59:29: fatal error: sensors/sensors.h: No such file or directory
 #include <sensors/sensors.h>
                             ^
compilation terminated.
configure:12575: $? = 1
configure: failed program was:
| /* confdefs.h */
| #define PACKAGE_NAME "cpufreqd"
| #define PACKAGE_TARNAME "cpufreqd"
| #define PACKAGE_VERSION "2.4.1"
| #define PACKAGE_STRING "cpufreqd 2.4.1"
| #define PACKAGE_BUGREPORT "malattia@linux.it"
| #define PACKAGE_URL ""
| #define PACKAGE "cpufreqd"
| #define VERSION "2.4.1"
| #define STDC_HEADERS 1
| #define HAVE_SYS_TYPES_H 1
| #define HAVE_SYS_STAT_H 1
| #define HAVE_STDLIB_H 1
| #define HAVE_STRING_H 1
| #define HAVE_MEMORY_H 1
| #define HAVE_STRINGS_H 1
| #define HAVE_INTTYPES_H 1
| #define HAVE_STDINT_H 1
| #define HAVE_UNISTD_H 1
| #define HAVE_DLFCN_H 1
| #define LT_OBJDIR ".libs/"
| #define HAVE_DIRENT_H 1
| #define STDC_HEADERS 1
| #define TIME_WITH_SYS_TIME 1
| #define HAVE_FCNTL_H 1
| #define HAVE_FNMATCH_H 1
| #define HAVE_LIMITS_H 1
| #define HAVE_SYSLOG_H 1
| #define HAVE_UNISTD_H 1
| #define HAVE_GETOPT_H 1
| #define HAVE_ERRNO_H 1
| #define HAVE_SYS_TYPES_H 1
| #define HAVE_SYS_STAT_H 1
| #define HAVE_SIGNAL_H 1
| #define HAVE_CTYPE_H 1
| #define HAVE_DLFCN_H 1
| #define HAVE_LIBGEN_H 1
| #define HAVE_SYS_SOCKET_H 1
| #define HAVE_SYS_UN_H 1
| #define HAVE_CPUFREQ_H 1
| #define HAVE_FORK 1
| #define HAVE_VFORK 1
| #define HAVE_WORKING_VFORK 1
| #define HAVE_WORKING_FORK 1
| #define HAVE_STDLIB_H 1
| #define HAVE_MALLOC 1
| #define LSTAT_FOLLOWS_SLASHED_SYMLINK 1
| #define HAVE_VPRINTF 1
| #define HAVE_MEMSET 1
| #define HAVE_REALPATH 1
| #define HAVE_STRERROR 1
| #define HAVE_STRSTR 1
| #define HAVE_SCANDIR 1
| #define HAVE_SOCKET 1
| #define HAVE_CONNECT 1
| #define HAVE_PERROR 1
| #define PTHREAD_DIR /**/
| /* end confdefs.h.  */
| #include <sensors/sensors.h>
configure:12575: result: no
configure:12575: checking for sensors/sensors.h
configure:12575: result: no
configure:12965: creating ./config.status

## ---------------------- ##
## Running config.status. ##
## ---------------------- ##

This file was extended by cpufreqd config.status 2.4.1, which was
generated by GNU Autoconf 2.65.  Invocation command line was

  CONFIG_FILES    = 
  CONFIG_HEADERS  = 
  CONFIG_LINKS    = 
  CONFIG_COMMANDS = 
  $ ./config.status 

on parth

config.status:1141: creating Makefile
config.status:1141: creating src/Makefile
config.status:1141: creating utils/Makefile
config.status:1141: creating manpages/Makefile
config.status:1141: creating manpages/cpufreqd.8
config.status:1141: creating config.h
config.status:1313: config.h is unchanged
config.status:1361: executing depfiles commands
config.status:1361: executing libtool commands

## ---------------- ##
## Cache variables. ##
## ---------------- ##

ac_cv_build=x86_64-unknown-linux-gnu
ac_cv_c_compiler_gnu=yes
ac_cv_c_const=yes
ac_cv_env_CC_set=
ac_cv_env_CC_value=
ac_cv_env_CFLAGS_set=
ac_cv_env_CFLAGS_value=
ac_cv_env_CPPFLAGS_set=
ac_cv_env_CPPFLAGS_value=
ac_cv_env_CPP_set=
ac_cv_env_CPP_value=
ac_cv_env_LDFLAGS_set=
ac_cv_env_LDFLAGS_value=
ac_cv_env_LIBS_set=
ac_cv_env_LIBS_value=
ac_cv_env_build_alias_set=
ac_cv_env_build_alias_value=
ac_cv_env_host_alias_set=
ac_cv_env_host_alias_value=
ac_cv_env_target_alias_set=
ac_cv_env_target_alias_value=
ac_cv_func__doprnt=no
ac_cv_func_connect=yes
ac_cv_func_dlopen=no
ac_cv_func_fork=yes
ac_cv_func_fork_works=yes
ac_cv_func_lstat_dereferences_slashed_symlink=yes
ac_cv_func_malloc_0_nonnull=yes
ac_cv_func_memset=yes
ac_cv_func_perror=yes
ac_cv_func_realpath=yes
ac_cv_func_scandir=yes
ac_cv_func_shl_load=no
ac_cv_func_socket=yes
ac_cv_func_stat_empty_string_bug=no
ac_cv_func_strerror=yes
ac_cv_func_strstr=yes
ac_cv_func_vfork=yes
ac_cv_func_vfork_works=yes
ac_cv_func_vprintf=yes
ac_cv_header_cpufreq_h=yes
ac_cv_header_ctype_h=yes
ac_cv_header_dirent_dirent_h=yes
ac_cv_header_dlfcn_h=yes
ac_cv_header_errno_h=yes
ac_cv_header_fcntl_h=yes
ac_cv_header_fnmatch_h=yes
ac_cv_header_getopt_h=yes
ac_cv_header_inttypes_h=yes
ac_cv_header_libgen_h=yes
ac_cv_header_limits_h=yes
ac_cv_header_memory_h=yes
ac_cv_header_pthread_h=yes
ac_cv_header_sensors_sensors_h=no
ac_cv_header_signal_h=yes
ac_cv_header_stdc=yes
ac_cv_header_stdint_h=yes
ac_cv_header_stdlib_h=yes
ac_cv_header_string_h=yes
ac_cv_header_strings_h=yes
ac_cv_header_sys_socket_h=yes
ac_cv_header_sys_stat_h=yes
ac_cv_header_sys_types_h=yes
ac_cv_header_sys_un_h=yes
ac_cv_header_syslog_h=yes
ac_cv_header_time=yes
ac_cv_header_unistd_h=yes
ac_cv_header_vfork_h=no
ac_cv_host=x86_64-unknown-linux-gnu
ac_cv_lib_cpufreq_cpufreq_cpu_exists=yes
ac_cv_lib_dl_dlopen=yes
ac_cv_lib_dld_shl_load=no
ac_cv_lib_pthread_pthread_create=yes
ac_cv_objext=o
ac_cv_path_EGREP='/bin/grep -E'
ac_cv_path_FGREP='/bin/grep -F'
ac_cv_path_GREP=/bin/grep
ac_cv_path_SED=/bin/sed
ac_cv_path_install='/usr/bin/install -c'
ac_cv_path_mkdir=/bin/mkdir
ac_cv_prog_AWK=mawk
ac_cv_prog_CPP='gcc -E'
ac_cv_prog_ac_ct_AR=ar
ac_cv_prog_ac_ct_CC=gcc
ac_cv_prog_ac_ct_OBJDUMP=objdump
ac_cv_prog_ac_ct_RANLIB=ranlib
ac_cv_prog_ac_ct_STRIP=strip
ac_cv_prog_cc_c89=
ac_cv_prog_cc_g=yes
ac_cv_prog_make_make_set=yes
ac_cv_search_opendir='none required'
ac_cv_target=x86_64-unknown-linux-gnu
ac_cv_type_pid_t=yes
am_cv_CC_dependencies_compiler_type=gcc3
lt_cv_deplibs_check_method=pass_all
lt_cv_dlopen=dlopen
lt_cv_dlopen_libs=-ldl
lt_cv_dlopen_self=yes
lt_cv_dlopen_self_static=no
lt_cv_file_magic_cmd='$MAGIC_CMD'
lt_cv_file_magic_test_file=
lt_cv_ld_reload_flag=-r
lt_cv_nm_interface='BSD nm'
lt_cv_objdir=.libs
lt_cv_path_LD=/usr/bin/ld
lt_cv_path_NM='/usr/bin/nm -B'
lt_cv_prog_compiler_c_o=yes
lt_cv_prog_compiler_pic_works=yes
lt_cv_prog_compiler_rtti_exceptions=no
lt_cv_prog_compiler_static_works=yes
lt_cv_prog_gnu_ld=yes
lt_cv_sys_global_symbol_pipe='sed -n -e '\''s/^.*[	 ]\([ABCDGIRSTW][ABCDGIRSTW]*\)[	 ][	 ]*\([_A-Za-z][_A-Za-z0-9]*\)$/\1 \2 \2/p'\'''
lt_cv_sys_global_symbol_to_c_name_address='sed -n -e '\''s/^: \([^ ]*\) $/  {\"\1\", (void *) 0},/p'\'' -e '\''s/^[ABCDGIRSTW]* \([^ ]*\) \([^ ]*\)$/  {"\2", (void *) \&\2},/p'\'''
lt_cv_sys_global_symbol_to_c_name_address_lib_prefix='sed -n -e '\''s/^: \([^ ]*\) $/  {\"\1\", (void *) 0},/p'\'' -e '\''s/^[ABCDGIRSTW]* \([^ ]*\) \(lib[^ ]*\)$/  {"\2", (void *) \&\2},/p'\'' -e '\''s/^[ABCDGIRSTW]* \([^ ]*\) \([^ ]*\)$/  {"lib\2", (void *) \&\2},/p'\'''
lt_cv_sys_global_symbol_to_cdecl='sed -n -e '\''s/^T .* \(.*\)$/extern int \1();/p'\'' -e '\''s/^[ABCDGIRSTW]* .* \(.*\)$/extern char \1;/p'\'''
lt_cv_sys_max_cmd_len=1572864

## ----------------- ##
## Output variables. ##
## ----------------- ##

ACLOCAL='${SHELL} /home/parth/Documents/cpufreqd-2.4.1/missing --run aclocal-1.11'
ACPI_PLUGIN_FALSE='#'
ACPI_PLUGIN_TRUE=''
AMDEPBACKSLASH='\'
AMDEP_FALSE='#'
AMDEP_TRUE=''
AMTAR='${SHELL} /home/parth/Documents/cpufreqd-2.4.1/missing --run tar'
APM_PLUGIN_FALSE='#'
APM_PLUGIN_TRUE=''
AR='ar'
AUTOCONF='${SHELL} /home/parth/Documents/cpufreqd-2.4.1/missing --run autoconf'
AUTOHEADER='${SHELL} /home/parth/Documents/cpufreqd-2.4.1/missing --run autoheader'
AUTOMAKE='${SHELL} /home/parth/Documents/cpufreqd-2.4.1/missing --run automake-1.11'
AWK='mawk'
CC='gcc'
CCDEPMODE='depmode=gcc3'
CFLAGS='-g -O2'
CPP='gcc -E'
CPPFLAGS=''
CPUFREQD_CONFPATH='/usr/local/etc/'
CPUFREQD_CONF_DIR='/usr/local/etc'
CPUFREQD_LDFLAGS=' -ldl -lcpufreq'
CPUFREQD_LIBPATH='/usr/local/lib/'
CPUFREQD_STATEPATH='/usr/local/var/'
CYGPATH_W='echo'
DEFS='-DHAVE_CONFIG_H'
DEPDIR='.deps'
DSYMUTIL=''
DUMPBIN=''
ECHO_C=''
ECHO_N='-n'
ECHO_T=''
EGREP='/bin/grep -E'
EXEC_PLUGIN_FALSE='#'
EXEC_PLUGIN_TRUE=''
EXEEXT=''
FGREP='/bin/grep -F'
GOVERNOR_PARAMETERS_PLUGIN_FALSE='#'
GOVERNOR_PARAMETERS_PLUGIN_TRUE=''
GREP='/bin/grep'
INSTALL_DATA='${INSTALL} -m 644'
INSTALL_PROGRAM='${INSTALL}'
INSTALL_SCRIPT='${INSTALL}'
INSTALL_STRIP_PROGRAM='$(install_sh) -c -s'
LD='/usr/bin/ld -m elf_x86_64'
LDFLAGS=''
LIBOBJS=''
LIBS=''
LIBTOOL='$(SHELL) $(top_builddir)/libtool'
LIBTOOL_DEPS='./ltmain.sh'
LIPO=''
LN_S='ln -s'
LTLIBOBJS=''
MAKEINFO='${SHELL} /home/parth/Documents/cpufreqd-2.4.1/missing --run makeinfo'
MKDIR_P='/bin/mkdir -p'
NFORCE2_PLUGIN_FALSE='#'
NFORCE2_PLUGIN_TRUE=''
NM='/usr/bin/nm -B'
NMEDIT=''
NVCLOCK_PLUGIN_FALSE=''
NVCLOCK_PLUGIN_TRUE='#'
NVCLOCK_SRCDIR=''
OBJDUMP='objdump'
OBJEXT='o'
OTOOL64=''
OTOOL=''
PACKAGE='cpufreqd'
PACKAGE_BUGREPORT='malattia@linux.it'
PACKAGE_NAME='cpufreqd'
PACKAGE_STRING='cpufreqd 2.4.1'
PACKAGE_TARNAME='cpufreqd'
PACKAGE_URL=''
PACKAGE_VERSION='2.4.1'
PATH_SEPARATOR=':'
PMU_PLUGIN_FALSE='#'
PMU_PLUGIN_TRUE=''
PTHREAD_LIB_FALSE='#'
PTHREAD_LIB_TRUE=''
PTHREAD_SRCDIR='/usr'
RANLIB='ranlib'
SED='/bin/sed'
SENSORS_PLUGIN_FALSE=''
SENSORS_PLUGIN_TRUE='#'
SENSORS_SRCDIR=''
SET_MAKE=''
SHELL='/bin/bash'
STRIP='strip'
TAU_PLUGIN_FALSE='#'
TAU_PLUGIN_TRUE=''
TRAIN_PLUGIN_FALSE='#'
TRAIN_PLUGIN_TRUE=''
VERSION='2.4.1'
ac_ct_CC='gcc'
ac_ct_DUMPBIN=''
am__EXEEXT_FALSE=''
am__EXEEXT_TRUE='#'
am__fastdepCC_FALSE='#'
am__fastdepCC_TRUE=''
am__include='include'
am__isrc=''
am__leading_dot='.'
am__quote=''
am__tar='${AMTAR} chof - "$$tardir"'
am__untar='${AMTAR} xf -'
bindir='${exec_prefix}/bin'
build='x86_64-unknown-linux-gnu'
build_alias=''
build_cpu='x86_64'
build_os='linux-gnu'
build_vendor='unknown'
datadir='${datarootdir}'
datarootdir='${prefix}/share'
docdir='${datarootdir}/doc/${PACKAGE_TARNAME}'
dvidir='${docdir}'
exec_prefix='/usr/local'
host='x86_64-unknown-linux-gnu'
host_alias=''
host_cpu='x86_64'
host_os='linux-gnu'
host_vendor='unknown'
htmldir='${docdir}'
includedir='${prefix}/include'
infodir='${datarootdir}/info'
install_sh='${SHELL} /home/parth/Documents/cpufreqd-2.4.1/install-sh'
libdir='${exec_prefix}/lib'
libexecdir='${exec_prefix}/libexec'
localedir='${datarootdir}/locale'
localstatedir='${prefix}/var'
lt_ECHO='echo'
mandir='${datarootdir}/man'
mkdir_p='/bin/mkdir -p'
oldincludedir='/usr/include'
pdfdir='${docdir}'
prefix='/usr/local'
program_transform_name='s,x,x,'
psdir='${docdir}'
sbindir='${exec_prefix}/sbin'
sharedstatedir='${prefix}/com'
sysconfdir='${prefix}/etc'
target='x86_64-unknown-linux-gnu'
target_alias=''
target_cpu='x86_64'
target_os='linux-gnu'
target_vendor='unknown'

## ----------- ##
## confdefs.h. ##
## ----------- ##

/* confdefs.h */
#define PACKAGE_NAME "cpufreqd"
#define PACKAGE_TARNAME "cpufreqd"
#define PACKAGE_VERSION "2.4.1"
#define PACKAGE_STRING "cpufreqd 2.4.1"
#define PACKAGE_BUGREPORT "malattia@linux.it"
#define PACKAGE_URL ""
#define PACKAGE "cpufreqd"
#define VERSION "2.4.1"
#define STDC_HEADERS 1
#define HAVE_SYS_TYPES_H 1
#define HAVE_SYS_STAT_H 1
#define HAVE_STDLIB_H 1
#define HAVE_STRING_H 1
#define HAVE_MEMORY_H 1
#define HAVE_STRINGS_H 1
#define HAVE_INTTYPES_H 1
#define HAVE_STDINT_H 1
#define HAVE_UNISTD_H 1
#define HAVE_DLFCN_H 1
#define LT_OBJDIR ".libs/"
#define HAVE_DIRENT_H 1
#define STDC_HEADERS 1
#define TIME_WITH_SYS_TIME 1
#define HAVE_FCNTL_H 1
#define HAVE_FNMATCH_H 1
#define HAVE_LIMITS_H 1
#define HAVE_SYSLOG_H 1
#define HAVE_UNISTD_H 1
#define HAVE_GETOPT_H 1
#define HAVE_ERRNO_H 1
#define HAVE_SYS_TYPES_H 1
#define HAVE_SYS_STAT_H 1
#define HAVE_SIGNAL_H 1
#define HAVE_CTYPE_H 1
#define HAVE_DLFCN_H 1
#define HAVE_LIBGEN_H 1
#define HAVE_SYS_SOCKET_H 1
#define HAVE_SYS_UN_H 1
#define HAVE_CPUFREQ_H 1
#define HAVE_FORK 1
#define HAVE_VFORK 1
#define HAVE_WORKING_VFORK 1
#define HAVE_WORKING_FORK 1
#define HAVE_STDLIB_H 1
#define HAVE_MALLOC 1
#define LSTAT_FOLLOWS_SLASHED_SYMLINK 1
#define HAVE_VPRINTF 1
#define HAVE_MEMSET 1
#define HAVE_REALPATH 1
#define HAVE_STRERROR 1
#define HAVE_STRSTR 1
#define HAVE_SCANDIR 1
#define HAVE_SOCKET 1
#define HAVE_CONNECT 1
#define HAVE_PERROR 1
#define PTHREAD_DIR /**/
#define CPUFREQD_LIBDIR "/usr/local/lib/"
#define CPUFREQD_CONFDIR "/usr/local/etc/"
#define CPUFREQD_STATEDIR "/usr/local/var/"
#define CPUFREQD_CONFDIR "/usr/local/etc/"

configure: exit 0
