This file contains any messages produced by compilers while
running configure, to aid debugging if configure makes a mistake.

It was created by cpufreqd configure 2.4.1, which was
generated by GNU Autoconf 2.65.  Invocation command line was

  $ ../configure 

## --------- ##
## Platform. ##
## --------- ##

hostname = parth
uname -m = x86_64
uname -r = 4.10.0-26-generic
uname -s = Linux
uname -v = #30-Ubuntu SMP Tue Jun 27 09:30:12 UTC 2017

/usr/bin/uname -p = unknown
/bin/uname -X     = unknown

/bin/arch              = unknown
/usr/bin/arch -k       = unknown
/usr/convex/getsysinfo = unknown
/usr/bin/hostinfo      = unknown
/bin/machine           = unknown
/usr/bin/oslevel       = unknown
/bin/universe          = unknown

PATH: /usr/local/sbin
PATH: /usr/local/bin
PATH: /usr/sbin
PATH: /usr/bin
PATH: /sbin
PATH: /bin
PATH: /usr/games
PATH: /usr/local/games
PATH: /snap/bin


## ----------- ##
## Core tests. ##
## ----------- ##

configure:2469: checking build system type
configure:2483: result: x86_64-unknown-linux-gnu
configure:2503: checking host system type
configure:2516: result: x86_64-unknown-linux-gnu
configure:2536: checking target system type
configure:2549: result: x86_64-unknown-linux-gnu
configure:2592: checking for a BSD-compatible install
configure:2660: result: /usr/bin/install -c
configure:2671: checking whether build environment is sane
configure:2721: result: yes
configure:2862: checking for a thread-safe mkdir -p
configure:2901: result: /bin/mkdir -p
configure:2914: checking for gawk
configure:2944: result: no
configure:2914: checking for mawk
configure:2930: found /usr/bin/mawk
configure:2941: result: mawk
configure:2952: checking whether make sets $(MAKE)
configure:2974: result: yes
configure:2998: error: source directory already configured; run "make distclean" there first

## ---------------- ##
## Cache variables. ##
## ---------------- ##

ac_cv_build=x86_64-unknown-linux-gnu
ac_cv_env_CC_set=
ac_cv_env_CC_value=
ac_cv_env_CFLAGS_set=
ac_cv_env_CFLAGS_value=
ac_cv_env_CPPFLAGS_set=
ac_cv_env_CPPFLAGS_value=
ac_cv_env_CPP_set=
ac_cv_env_CPP_value=
ac_cv_env_LDFLAGS_set=
ac_cv_env_LDFLAGS_value=
ac_cv_env_LIBS_set=
ac_cv_env_LIBS_value=
ac_cv_env_build_alias_set=
ac_cv_env_build_alias_value=
ac_cv_env_host_alias_set=
ac_cv_env_host_alias_value=
ac_cv_env_target_alias_set=
ac_cv_env_target_alias_value=
ac_cv_host=x86_64-unknown-linux-gnu
ac_cv_path_install='/usr/bin/install -c'
ac_cv_path_mkdir=/bin/mkdir
ac_cv_prog_AWK=mawk
ac_cv_prog_make_make_set=yes
ac_cv_target=x86_64-unknown-linux-gnu

## ----------------- ##
## Output variables. ##
## ----------------- ##

ACLOCAL=''
ACPI_PLUGIN_FALSE=''
ACPI_PLUGIN_TRUE=''
AMDEPBACKSLASH=''
AMDEP_FALSE=''
AMDEP_TRUE=''
AMTAR=''
APM_PLUGIN_FALSE=''
APM_PLUGIN_TRUE=''
AR=''
AUTOCONF=''
AUTOHEADER=''
AUTOMAKE=''
AWK='mawk'
CC=''
CCDEPMODE=''
CFLAGS=''
CPP=''
CPPFLAGS=''
CPUFREQD_CONFPATH=''
CPUFREQD_CONF_DIR=''
CPUFREQD_LDFLAGS=''
CPUFREQD_LIBPATH=''
CPUFREQD_STATEPATH=''
CYGPATH_W=''
DEFS=''
DEPDIR=''
DSYMUTIL=''
DUMPBIN=''
ECHO_C=''
ECHO_N='-n'
ECHO_T=''
EGREP=''
EXEC_PLUGIN_FALSE=''
EXEC_PLUGIN_TRUE=''
EXEEXT=''
FGREP=''
GOVERNOR_PARAMETERS_PLUGIN_FALSE=''
GOVERNOR_PARAMETERS_PLUGIN_TRUE=''
GREP=''
INSTALL_DATA='${INSTALL} -m 644'
INSTALL_PROGRAM='${INSTALL}'
INSTALL_SCRIPT='${INSTALL}'
INSTALL_STRIP_PROGRAM='$(install_sh) -c -s'
LD=''
LDFLAGS=''
LIBOBJS=''
LIBS=''
LIBTOOL=''
LIBTOOL_DEPS=''
LIPO=''
LN_S=''
LTLIBOBJS=''
MAKEINFO=''
MKDIR_P='/bin/mkdir -p'
NFORCE2_PLUGIN_FALSE=''
NFORCE2_PLUGIN_TRUE=''
NM=''
NMEDIT=''
NVCLOCK_PLUGIN_FALSE=''
NVCLOCK_PLUGIN_TRUE=''
NVCLOCK_SRCDIR=''
OBJDUMP=''
OBJEXT=''
OTOOL64=''
OTOOL=''
PACKAGE=''
PACKAGE_BUGREPORT='malattia@linux.it'
PACKAGE_NAME='cpufreqd'
PACKAGE_STRING='cpufreqd 2.4.1'
PACKAGE_TARNAME='cpufreqd'
PACKAGE_URL=''
PACKAGE_VERSION='2.4.1'
PATH_SEPARATOR=':'
PMU_PLUGIN_FALSE=''
PMU_PLUGIN_TRUE=''
PTHREAD_LIB_FALSE=''
PTHREAD_LIB_TRUE=''
PTHREAD_SRCDIR=''
RANLIB=''
SED=''
SENSORS_PLUGIN_FALSE=''
SENSORS_PLUGIN_TRUE=''
SENSORS_SRCDIR=''
SET_MAKE=''
SHELL='/bin/bash'
STRIP=''
TAU_PLUGIN_FALSE=''
TAU_PLUGIN_TRUE=''
TRAIN_PLUGIN_FALSE=''
TRAIN_PLUGIN_TRUE=''
VERSION=''
ac_ct_CC=''
ac_ct_DUMPBIN=''
am__EXEEXT_FALSE=''
am__EXEEXT_TRUE=''
am__fastdepCC_FALSE=''
am__fastdepCC_TRUE=''
am__include=''
am__isrc=' -I$(srcdir)'
am__leading_dot='.'
am__quote=''
am__tar=''
am__untar=''
bindir='${exec_prefix}/bin'
build='x86_64-unknown-linux-gnu'
build_alias=''
build_cpu='x86_64'
build_os='linux-gnu'
build_vendor='unknown'
datadir='${datarootdir}'
datarootdir='${prefix}/share'
docdir='${datarootdir}/doc/${PACKAGE_TARNAME}'
dvidir='${docdir}'
exec_prefix='NONE'
host='x86_64-unknown-linux-gnu'
host_alias=''
host_cpu='x86_64'
host_os='linux-gnu'
host_vendor='unknown'
htmldir='${docdir}'
includedir='${prefix}/include'
infodir='${datarootdir}/info'
install_sh='${SHELL} /home/parth/Documents/cpufreqd-2.4.1/install-sh'
libdir='${exec_prefix}/lib'
libexecdir='${exec_prefix}/libexec'
localedir='${datarootdir}/locale'
localstatedir='${prefix}/var'
lt_ECHO='echo'
mandir='${datarootdir}/man'
mkdir_p='/bin/mkdir -p'
oldincludedir='/usr/include'
pdfdir='${docdir}'
prefix='NONE'
program_transform_name='s,x,x,'
psdir='${docdir}'
sbindir='${exec_prefix}/sbin'
sharedstatedir='${prefix}/com'
sysconfdir='${prefix}/etc'
target='x86_64-unknown-linux-gnu'
target_alias=''
target_cpu='x86_64'
target_os='linux-gnu'
target_vendor='unknown'

## ----------- ##
## confdefs.h. ##
## ----------- ##

/* confdefs.h */
#define PACKAGE_NAME "cpufreqd"
#define PACKAGE_TARNAME "cpufreqd"
#define PACKAGE_VERSION "2.4.1"
#define PACKAGE_STRING "cpufreqd 2.4.1"
#define PACKAGE_BUGREPORT "malattia@linux.it"
#define PACKAGE_URL ""

configure: exit 1
